[Tue Apr 04 15:58:23.236078 2023] [ssl:warn] [pid 9072:tid 404] AH01909: www.example.com:443:0 server certificate does NOT include an ID which matches the server name
[Tue Apr 04 15:58:23.267321 2023] [ssl:warn] [pid 9072:tid 404] AH01909: www.example.com:443:0 server certificate does NOT include an ID which matches the server name
[Tue Apr 04 15:58:23.314185 2023] [mpm_winnt:notice] [pid 9072:tid 404] AH00455: Apache/2.4.54 (Win64) OpenSSL/1.1.1p PHP/8.2.0 configured -- resuming normal operations
[Tue Apr 04 15:58:23.314185 2023] [mpm_winnt:notice] [pid 9072:tid 404] AH00456: Apache Lounge VS16 Server built: Jun 22 2022 09:58:15
[Tue Apr 04 15:58:23.314185 2023] [core:notice] [pid 9072:tid 404] AH00094: Command line: 'c:\\users\\admin\\desktop\\cse\\server\\apache\\bin\\httpd.exe -d C:/Users/Admin/Desktop/CSE/Server/apache'
[Tue Apr 04 15:58:23.314185 2023] [mpm_winnt:notice] [pid 9072:tid 404] AH00418: Parent: Created child process 1844
[Tue Apr 04 15:58:23.548505 2023] [ssl:warn] [pid 1844:tid 408] AH01909: www.example.com:443:0 server certificate does NOT include an ID which matches the server name
[Tue Apr 04 15:58:23.588275 2023] [ssl:warn] [pid 1844:tid 408] AH01909: www.example.com:443:0 server certificate does NOT include an ID which matches the server name
[Tue Apr 04 15:58:23.619518 2023] [mpm_winnt:notice] [pid 1844:tid 408] AH00354: Child: Starting 150 worker threads.
[Fri Apr 14 16:05:33.529431 2023] [ssl:warn] [pid 8052:tid 404] AH01909: www.example.com:443:0 server certificate does NOT include an ID which matches the server name
[Fri Apr 14 16:05:33.567180 2023] [core:warn] [pid 8052:tid 404] AH00098: pid file C:/Users/Admin/Desktop/CSE/Server/apache/logs/httpd.pid overwritten -- Unclean shutdown of previous Apache run?
[Fri Apr 14 16:05:33.567180 2023] [ssl:warn] [pid 8052:tid 404] AH01909: www.example.com:443:0 server certificate does NOT include an ID which matches the server name
[Fri Apr 14 16:05:33.898868 2023] [mpm_winnt:notice] [pid 8052:tid 404] AH00455: Apache/2.4.54 (Win64) OpenSSL/1.1.1p PHP/8.2.0 configured -- resuming normal operations
[Fri Apr 14 16:05:33.898868 2023] [mpm_winnt:notice] [pid 8052:tid 404] AH00456: Apache Lounge VS16 Server built: Jun 22 2022 09:58:15
[Fri Apr 14 16:05:33.898868 2023] [core:notice] [pid 8052:tid 404] AH00094: Command line: 'c:\\users\\admin\\desktop\\cse\\server\\apache\\bin\\httpd.exe -d C:/Users/Admin/Desktop/CSE/Server/apache'
[Fri Apr 14 16:05:33.898868 2023] [mpm_winnt:notice] [pid 8052:tid 404] AH00418: Parent: Created child process 3208
[Fri Apr 14 16:05:34.146290 2023] [ssl:warn] [pid 3208:tid 408] AH01909: www.example.com:443:0 server certificate does NOT include an ID which matches the server name
[Fri Apr 14 16:05:34.184041 2023] [ssl:warn] [pid 3208:tid 408] AH01909: www.example.com:443:0 server certificate does NOT include an ID which matches the server name
[Fri Apr 14 16:05:34.215284 2023] [mpm_winnt:notice] [pid 3208:tid 408] AH00354: Child: Starting 150 worker threads.
[Fri Apr 14 17:02:57.510214 2023] [php:warn] [pid 3208:tid 1852] [client ::1:58504] PHP Warning:  Undefined variable $num in C:\\Users\\Admin\\Desktop\\CSE\\Server\\htdocs\\Work\\Basic\\Variable_Scope_3.php on line 23, referer: http://localhost/work/basic/
[Fri Apr 14 17:12:49.420823 2023] [php:warn] [pid 3208:tid 1804] [client ::1:58769] PHP Warning:  Undefined variable $name in C:\\Users\\Admin\\Desktop\\CSE\\Server\\htdocs\\Work\\Basic\\Variable_Scope_3.php on line 33, referer: http://localhost/work/basic/
